{"/home/chetima/jenkins-nodejs-ci/app.js": {"path":"/home/chetima/jenkins-nodejs-ci/app.js","statementMap":{"0":{"start":{"line":2,"column":4},"end":{"line":2,"column":17}},"1":{"start":{"line":5,"column":0},"end":{"line":5,"column":25}}},"fnMap":{"0":{"name":"add","decl":{"start":{"line":1,"column":9},"end":{"line":1,"column":12}},"loc":{"start":{"line":1,"column":19},"end":{"line":3,"column":1}},"line":1}},"branchMap":{},"s":{"0":3,"1":1},"f":{"0":3},"b":{},"_coverageSchema":"1a1c01bbd47fc00a2c39e90264f33305004495a9","hash":"25fb3e5a4099cd16eb5f5a4486d3411b5b3a85e6"}
,"/home/chetima/jenkins-nodejs-ci/server.js": {"path":"/home/chetima/jenkins-nodejs-ci/server.js","statementMap":{"0":{"start":{"line":1,"column":13},"end":{"line":1,"column":28}},"1":{"start":{"line":2,"column":15},"end":{"line":2,"column":37}},"2":{"start":{"line":4,"column":13},"end":{"line":4,"column":45}},"3":{"start":{"line":5,"column":16},"end":{"line":17,"column":1}},"4":{"start":{"line":19,"column":0},"end":{"line":19,"column":31}},"5":{"start":{"line":22,"column":2},"end":{"line":28,"column":6}},"6":{"start":{"line":32,"column":2},"end":{"line":66,"column":5}},"7":{"start":{"line":33,"column":22},"end":{"line":33,"column":45}},"8":{"start":{"line":34,"column":23},"end":{"line":34,"column":84}},"9":{"start":{"line":35,"column":21},"end":{"line":35,"column":24}},"10":{"start":{"line":36,"column":16},"end":{"line":36,"column":35}},"11":{"start":{"line":38,"column":4},"end":{"line":42,"column":5}},"12":{"start":{"line":39,"column":6},"end":{"line":39,"column":74}},"13":{"start":{"line":40,"column":6},"end":{"line":40,"column":47}},"14":{"start":{"line":41,"column":6},"end":{"line":41,"column":13}},"15":{"start":{"line":44,"column":4},"end":{"line":55,"column":5}},"16":{"start":{"line":45,"column":6},"end":{"line":45,"column":65}},"17":{"start":{"line":46,"column":6},"end":{"line":46,"column":48}},"18":{"start":{"line":47,"column":11},"end":{"line":55,"column":5}},"19":{"start":{"line":48,"column":6},"end":{"line":48,"column":59}},"20":{"start":{"line":49,"column":6},"end":{"line":49,"column":45}},"21":{"start":{"line":51,"column":6},"end":{"line":51,"column":23}},"22":{"start":{"line":52,"column":6},"end":{"line":52,"column":26}},"23":{"start":{"line":53,"column":6},"end":{"line":53,"column":72}},"24":{"start":{"line":54,"column":6},"end":{"line":54,"column":54}},"25":{"start":{"line":57,"column":28},"end":{"line":57,"column":77}},"26":{"start":{"line":58,"column":4},"end":{"line":58,"column":81}},"27":{"start":{"line":59,"column":4},"end":{"line":59,"column":102}},"28":{"start":{"line":60,"column":4},"end":{"line":65,"column":7}},"29":{"start":{"line":69,"column":0},"end":{"line":74,"column":1}},"30":{"start":{"line":70,"column":17},"end":{"line":70,"column":31}},"31":{"start":{"line":71,"column":2},"end":{"line":73,"column":5}},"32":{"start":{"line":72,"column":4},"end":{"line":72,"column":50}},"33":{"start":{"line":76,"column":0},"end":{"line":76,"column":34}}},"fnMap":{"0":{"name":"log","decl":{"start":{"line":21,"column":9},"end":{"line":21,"column":12}},"loc":{"start":{"line":21,"column":42},"end":{"line":29,"column":1}},"line":21},"1":{"name":"createServer","decl":{"start":{"line":31,"column":9},"end":{"line":31,"column":21}},"loc":{"start":{"line":31,"column":24},"end":{"line":67,"column":1}},"line":31},"2":{"name":"(anonymous_2)","decl":{"start":{"line":32,"column":27},"end":{"line":32,"column":28}},"loc":{"start":{"line":32,"column":47},"end":{"line":66,"column":3}},"line":32},"3":{"name":"(anonymous_3)","decl":{"start":{"line":71,"column":22},"end":{"line":71,"column":23}},"loc":{"start":{"line":71,"column":28},"end":{"line":73,"column":3}},"line":71}},"branchMap":{"0":{"loc":{"start":{"line":4,"column":20},"end":{"line":4,"column":44}},"type":"binary-expr","locations":[{"start":{"line":4,"column":20},"end":{"line":4,"column":36}},{"start":{"line":4,"column":40},"end":{"line":4,"column":44}}],"line":4},"1":{"loc":{"start":{"line":21,"column":29},"end":{"line":21,"column":40}},"type":"default-arg","locations":[{"start":{"line":21,"column":38},"end":{"line":21,"column":40}}],"line":21},"2":{"loc":{"start":{"line":34,"column":50},"end":{"line":34,"column":81}},"type":"binary-expr","locations":[{"start":{"line":34,"column":50},"end":{"line":34,"column":66}},{"start":{"line":34,"column":70},"end":{"line":34,"column":81}}],"line":34},"3":{"loc":{"start":{"line":38,"column":4},"end":{"line":42,"column":5}},"type":"if","locations":[{"start":{"line":38,"column":4},"end":{"line":42,"column":5}},{"start":{},"end":{}}],"line":38},"4":{"loc":{"start":{"line":44,"column":4},"end":{"line":55,"column":5}},"type":"if","locations":[{"start":{"line":44,"column":4},"end":{"line":55,"column":5}},{"start":{"line":47,"column":11},"end":{"line":55,"column":5}}],"line":44},"5":{"loc":{"start":{"line":47,"column":11},"end":{"line":55,"column":5}},"type":"if","locations":[{"start":{"line":47,"column":11},"end":{"line":55,"column":5}},{"start":{"line":50,"column":11},"end":{"line":55,"column":5}}],"line":47},"6":{"loc":{"start":{"line":69,"column":0},"end":{"line":74,"column":1}},"type":"if","locations":[{"start":{"line":69,"column":0},"end":{"line":74,"column":1}},{"start":{},"end":{}}],"line":69}},"s":{"0":1,"1":1,"2":1,"3":1,"4":1,"5":3,"6":1,"7":4,"8":4,"9":4,"10":4,"11":4,"12":1,"13":1,"14":1,"15":3,"16":1,"17":1,"18":2,"19":1,"20":1,"21":1,"22":1,"23":1,"24":1,"25":3,"26":3,"27":3,"28":3,"29":1,"30":0,"31":0,"32":0,"33":1},"f":{"0":3,"1":1,"2":4,"3":0},"b":{"0":[1,1],"1":[0],"2":[4,0],"3":[1,3],"4":[1,2],"5":[1,1],"6":[0,1]},"_coverageSchema":"1a1c01bbd47fc00a2c39e90264f33305004495a9","hash":"9e02df105796573dc38a657a339eb33ffbcadde9"}
}
