TN:
SF:app.js
FN:1,add
FNF:1
FNH:1
FNDA:3,add
DA:2,3
DA:5,1
LF:2
LH:2
BRF:0
BRH:0
end_of_record
TN:
SF:server.js
FN:21,log
FN:31,createServer
FN:32,(anonymous_2)
FN:71,(anonymous_3)
FNF:4
FNH:3
FNDA:3,log
FNDA:1,createServer
FNDA:4,(anonymous_2)
FNDA:0,(anonymous_3)
DA:1,1
DA:2,1
DA:4,1
DA:5,1
DA:19,1
DA:22,3
DA:32,1
DA:33,4
DA:34,4
DA:35,4
DA:36,4
DA:38,4
DA:39,1
DA:40,1
DA:41,1
DA:44,3
DA:45,1
DA:46,1
DA:47,2
DA:48,1
DA:49,1
DA:51,1
DA:52,1
DA:53,1
DA:54,1
DA:57,3
DA:58,3
DA:59,3
DA:60,3
DA:69,1
DA:70,0
DA:71,0
DA:72,0
DA:76,1
LF:34
LH:31
BRDA:4,0,0,1
BRDA:4,0,1,1
BRDA:21,1,0,0
BRDA:34,2,0,4
BRDA:34,2,1,0
BRDA:38,3,0,1
BRDA:38,3,1,3
BRDA:44,4,0,1
BRDA:44,4,1,2
BRDA:47,5,0,1
BRDA:47,5,1,1
BRDA:69,6,0,0
BRDA:69,6,1,1
BRF:13
BRH:10
end_of_record
